<?xml version="1.0" encoding="UTF-8"?>
<testng-results skipped="0" failed="0" ignored="0" total="1" passed="1">
  <reporter-output>
  </reporter-output>
  <suite name="Default suite" duration-ms="19492" started-at="2019-07-08T12:50:00Z" finished-at="2019-07-08T12:50:19Z">
    <groups>
    </groups>
    <test name="Default test" duration-ms="19492" started-at="2019-07-08T12:50:00Z" finished-at="2019-07-08T12:50:19Z">
      <class name="com.fb.testng.Facebook_login">
        <test-method status="PASS" signature="Facebook_Login_Screen()[pri:0, instance:com.fb.testng.Facebook_login@13c27452]" name="Facebook_Login_Screen" duration-ms="19440" started-at="2019-07-08T12:50:00Z" finished-at="2019-07-08T12:50:19Z">
          <reporter-output>
          </reporter-output>
        </test-method> <!-- Facebook_Login_Screen -->
      </class> <!-- com.fb.testng.Facebook_login -->
    </test> <!-- Default test -->
  </suite> <!-- Default suite -->
</testng-results>
